PROOF_HEAD=c3197d453dec10d2685f6c3ac8f3c52712788836
PROOF_SCRIPTS_FILES=scripts/ci_proof_commit_binding.ps1
PROOF_SCRIPTS_FILE_SHA256=scripts/ci_proof_commit_binding.ps1:6f587ea8a5c11be7797cabd6ad10df93383c109a3612a89f356f2b3dd65d9eba
PROOF_SCRIPTS_HASH=ce0178bfa8774469ee797cbb450f48bda03bc02d66100de19ea4e5ea96955ab3
UTC=20260208_001355
PWD=<REDACTED_ABS_WIN>\Users\marie\projects\equity-flow-system
HEAD=fa97574
NODE=v24.13.0
NPM=11.6.2

== npm run ci ==

> weweb-supabase-option2@0.0.0 ci
> npm run lint:migrations && npm run lint:sql && npm run lint:pgtap && npm run build


> weweb-supabase-option2@0.0.0 lint:migrations
> node scripts/lint_migrations.mjs

lint:migrations OK

> weweb-supabase-option2@0.0.0 lint:sql
> node scripts/run_lint_sql.mjs

LINT_SQL_SAFETY OK

> weweb-supabase-option2@0.0.0 lint:pgtap
> node scripts/lint_pgtap.mjs

LINT_PGTAP OK

> weweb-supabase-option2@0.0.0 build
> node scripts/build.mjs

build: no-op (no Next.js; no tsconfig.json)

