PROOF_HEAD=c3197d453dec10d2685f6c3ac8f3c52712788836
PROOF_SCRIPTS_FILES=scripts/ci_proof_commit_binding.ps1
PROOF_SCRIPTS_FILE_SHA256=scripts/ci_proof_commit_binding.ps1:6f587ea8a5c11be7797cabd6ad10df93383c109a3612a89f356f2b3dd65d9eba
PROOF_SCRIPTS_HASH=ce0178bfa8774469ee797cbb450f48bda03bc02d66100de19ea4e5ea96955ab3
UTC=20260208_001230
PWD=<REDACTED_ABS_WIN>\Users\marie\projects\equity-flow-system
TOP=<REDACTED_ABS_WIN><REDACTED_ABS_MAC>/marie/projects/equity-flow-system
HEAD=d81c54e

== DENYLIST CHECK ==
OK absent: supabase/.branches
OK absent: supabase/.temp
== LOCAL SUPABASE STATE (best-effort indicators) ==

== DOCKER VOLUMES (informational) ==
DRIVER    VOLUME NAME
local     supabase_db_weweb-supabase-option2
local     supabase_storage_weweb-supabase-option2

== GIT STATUS ==
## main...origin/main
?? docs/proofs/1.3_denylist_20260208_001230.log

PROOF PASS
