PROOF_HEAD=c3197d453dec10d2685f6c3ac8f3c52712788836
PROOF_SCRIPTS_FILES=scripts/ci_proof_commit_binding.ps1
PROOF_SCRIPTS_FILE_SHA256=scripts/ci_proof_commit_binding.ps1:6f587ea8a5c11be7797cabd6ad10df93383c109a3612a89f356f2b3dd65d9eba
PROOF_SCRIPTS_HASH=ce0178bfa8774469ee797cbb450f48bda03bc02d66100de19ea4e5ea96955ab3
UTC: 20260208_231039Z
=== node -v ===
v20.18.1
=== npm -v ===
10.8.2
=== npm run truth-bootstrap ===

> weweb-supabase-option2@0.0.0 truth-bootstrap
> node scripts/truth_bootstrap_check.mjs

=== truth-bootstrap: existence + JSON parse ===
OK: all truth files exist and parse as JSON
=== files ===


    Directory: <REDACTED_ABS_WIN>\Users\marie\projects\equity-flow-system\docs\truth


Mode          LastWriteTime Length Name                       
----          ------------- ------ ----                       
-a----   2/8/2026   6:02 PM     57 blocked_identifiers.json   
-a----   2/8/2026   6:01 PM    144 cloud_inventory.schema.json
-a----   2/8/2026   6:02 PM     29 definer_allowlist.json     
-a----   2/8/2026   6:02 PM     29 execute_allowlist.json     
-a----   2/8/2026   6:02 PM     54 expected_surface.json      
-a----   2/8/2026   6:02 PM     58 lane_checks.json           
-a----   2/8/2026   6:02 PM     69 pr_scope_rules.json        
-a----   2/8/2026   6:02 PM     62 privilege_truth.json       
-a----   2/8/2026   6:01 PM    172 privilege_truth.schema.json
-a----   2/8/2026   6:02 PM    113 qa_requirements.json       
-a----   2/8/2026   6:01 PM    225 qa_requirements.schema.json
-a----   2/8/2026   6:02 PM     77 required_checks.json       
-a----   2/8/2026   6:02 PM     86 robot_owned_paths.json     
-a----   2/8/2026   6:02 PM     49 rpc_budget.json            
-a----   2/8/2026   6:01 PM    172 surface_truth.schema.json  
-a----   2/8/2026   6:02 PM     78 tenant_table_selector.json 
-a----   2/8/2026   9:49 AM    139 toolchain.json             



