PROOF_HEAD=712e0d90a266201a04ab344696061b37cad2b56d
PROOF_SCRIPTS_FILES=scripts/ci_proof_commit_binding.ps1
PROOF_SCRIPTS_FILE_SHA256=scripts/ci_proof_commit_binding.ps1:6f587ea8a5c11be7797cabd6ad10df93383c109a3612a89f356f2b3dd65d9eba
PROOF_SCRIPTS_HASH=ce0178bfa8774469ee797cbb450f48bda03bc02d66100de19ea4e5ea96955ab3
=== 10.13B Offer Backend -- Send Offer Write Path -- Phase 4 proof ===
ITEM: Build Route 10.13B (Offer Backend -- Send Offer Write Path)
Branch: feat/10.13b-offer-send-write-path
HEAD: 712e0d90a266201a04ab344696061b37cad2b56d
Captured_utc: 20260510T203103Z

=== Deliverable (reference) ===
Migration: supabase/migrations/20260513000004_10_13B_offer_send_write_path.sql
Tests: supabase/tests/10_13B_offer_send_write_path.test.sql
RPC: send_offer_v1(p_deal_id uuid, p_idempotency_key text)
Governance (Phase 1): docs/governance/GOVERNANCE_CHANGE_20260509T233000Z.md
Contracts: docs/artifacts/CONTRACTS.md -- §17 row send_offer_v1; §70 send_offer_v1

=== Phase 2 ===
npm run handoff -- PASS (operator session; truth artifacts regenerated / committed per workflow)
npm run handoff:commit -- PASS (operator session)

=== Phase 3 ===
node scripts/ci_semantic_contract.mjs -- PASS (operator session)
npm run green:once -- PASS (operator session)
npm run green:twice -- PASS (operator session; no edits between runs)
npm run pr:preflight -- PASS (operator session)

=== Phase 4 ===
npm run proof:finalize docs/proofs/10.13B_offer_send_write_path_20260510T203103Z.log -- PASS (PROOF_HEAD binding, manifest sha256, ci_proof_manifest + ci_proof_commit_binding)

