PROOF_HEAD=1d0a624b8f1a935b484dfef831a9f94f2545f522
PROOF_SCRIPTS_FILES=scripts/ci_proof_commit_binding.ps1
PROOF_SCRIPTS_FILE_SHA256=scripts/ci_proof_commit_binding.ps1:6f587ea8a5c11be7797cabd6ad10df93383c109a3612a89f356f2b3dd65d9eba
PROOF_SCRIPTS_HASH=ce0178bfa8774469ee797cbb450f48bda03bc02d66100de19ea4e5ea96955ab3
=== 10.13A offer data contract + soft offer copy -- Phase 4 proof ===
ITEM: Build Route 10.13A (Offer Backend -- Data Contract + Soft Offer Copy)
Gate: npm run pr:preflight
Transcript_paths: pgTAP lines sanitized to repo-relative paths (machine-root prefixes removed per Build Route 2.17.3 docs/proofs blocking scope).
deferred_proofs.json: [] — no active deferred-proof stubs; STUB_GATES_ACTIVE block omitted per SOP.
Local_prep: supabase db reset (all migrations including 20260513000003) immediately before capture below
Captured_utc: 20260510T183005Z
HEAD: 1d0a624b8f1a935b484dfef831a9f94f2545f522
Branch: feat/10.13a-offer-data-contract

=== Deliverable (reference) ===
Migration: supabase/migrations/20260513000003_10_13A_offer_data_contract_soft_offer.sql
Tests: supabase/tests/10_13A_offer_data_contract_soft_offer.test.sql
RPCs: get_offer_payload_v1(uuid); refresh_deal_soft_offer_v1(uuid, text)
Table: public.deal_soft_offers

=== Phase 2 ===
npm run handoff -- PASS (operator session; truth artifacts on branch)
npm run handoff:commit -- PASS (operator session)

=== Phase 3 ===
node scripts/ci_semantic_contract.mjs -- PASS (tail below)
npm run green:once -- PASS (operator session)
npm run green:twice -- PASS (operator session; no edits between runs)
npm run pr:preflight -- PASS (full transcript below)

=== node scripts/ci_semantic_contract.mjs (tail) ===

CHECK database-tests / pgtap
  FILE: .github\workflows\database-tests.yml
  JOB_ID: pgtap
  RUN_STEPS: 2
  ALLOWLISTED_GATE: YES
  NOT_NOOP: YES
RESULT=PASS

=== npm run pr:preflight (stdout/stderr merged) ===


> equity-flow-system@0.0.0 pr:preflight
> powershell -NoProfile -ExecutionPolicy Bypass -File scripts/pr_preflight.ps1

== preflight:encoding ==
Encoding preflight OK.
== lint ==
== test ==
Connecting to local database...
supabase/tests/10_11A10_activity_log_expansion.test.sql ................. ok
supabase/tests/10_11A1_deal_notes_activity_log.test.sql ................. ok
supabase/tests/10_11A2_deal_edit_write_paths.test.sql ................... ok
supabase/tests/10_11A3_acq_deal_detail_read_corrections.test.sql ........ ok
supabase/tests/10_11A4_acq_kpi_date_range.test.sql ...................... ok
supabase/tests/10_11A5_deal_properties_schema_normalization.test.sql .... ok
supabase/tests/10_11A6_deal_properties_write_path.test.sql .............. ok
supabase/tests/10_11A7_deal_pricing_write_path.test.sql ................. ok
supabase/tests/10_11A8_repair_estimate_cleanup.test.sql ................. ok
supabase/tests/10_11A9_pricing_contract_correction.test.sql ............. ok
supabase/tests/10_11A_acquisition_backend.test.sql ...................... ok
supabase/tests/10_12A_intake_submission_persistence.test.sql ............ ok
psql:supabase/tests/10_12C1_intake_deal_creation_promotion.test.sql:184: NOTICE:  table "_12c1_draft_id" does not exist, skipping
psql:supabase/tests/10_12C1_intake_deal_creation_promotion.test.sql:288: NOTICE:  table "_12c1_b_draft_id" does not exist, skipping
supabase/tests/10_12C1_intake_deal_creation_promotion.test.sql .......... ok
supabase/tests/10_12C2_lead_intake_kpis.test.sql ........................ ok
supabase/tests/10_12C3_list_intake_submissions_filter.test.sql .......... ok
psql:supabase/tests/10_12C4_submission_review_outcomes.test.sql:50: NOTICE:  table "_12c4_sid" does not exist, skipping
supabase/tests/10_12C4_submission_review_outcomes.test.sql .............. ok
supabase/tests/10_12C5_kpi_unreviewed_count_fix.test.sql ................ ok
psql:supabase/tests/10_12C6_get_draft_deal.test.sql:31: NOTICE:  table "_12c6_draft_a" does not exist, skipping
psql:supabase/tests/10_12C6_get_draft_deal.test.sql:49: NOTICE:  table "_12c6_draft_b" does not exist, skipping
supabase/tests/10_12C6_get_draft_deal.test.sql .......................... ok
psql:supabase/tests/10_12C7_money_input_normalizer.test.sql:205: NOTICE:  table "_12c7_birddog_draft" does not exist, skipping
supabase/tests/10_12C7_money_input_normalizer.test.sql .................. ok
psql:supabase/tests/10_12C8_mark_submission_reviewed_draft_id.test.sql:46: NOTICE:  table "_12c8_ref" does not exist, skipping
psql:supabase/tests/10_12C8_mark_submission_reviewed_draft_id.test.sql:96: NOTICE:  table "_12c8_expire" does not exist, skipping
supabase/tests/10_12C8_mark_submission_reviewed_draft_id.test.sql ....... ok
supabase/tests/10_12C_intake_submission_outcomes.test.sql ............... ok
supabase/tests/10_12D2_cleanup_intake_forms_storage.test.sql ............ ok
supabase/tests/10_13A_offer_data_contract_soft_offer.test.sql ........... ok
supabase/tests/10_4_rpc_response_contract_tests.test.sql ................ ok
supabase/tests/10_5_rpc_error_contract_tests.test.sql ................... ok
supabase/tests/10_8_11A_list_user_tenants.test.sql ...................... ok
supabase/tests/10_8_11B_set_current_tenant.test.sql ..................... ok
supabase/tests/10_8_11D_profile_settings.test.sql ....................... ok
supabase/tests/10_8_11E1_workspace_slug_invariant.test.sql .............. ok
supabase/tests/10_8_11E_workspace_settings_read.test.sql ................ ok
supabase/tests/10_8_11F_workspace_settings_general_rpcs.test.sql ........ ok
supabase/tests/10_8_11G_workspace_members_rpcs.test.sql ................. ok
supabase/tests/10_8_11H_workspace_farm_areas_rpcs.test.sql .............. ok
supabase/tests/10_8_11I1_invite_email_webhook.test.sql .................. ok
supabase/tests/10_8_11I2_workspace_settings_read_fix.test.sql ........... ok
supabase/tests/10_8_11I3_pending_invites_rpc.test.sql ................... ok
supabase/tests/10_8_11I5_seat_billing_sync.test.sql ..................... ok
supabase/tests/10_8_11I7_auth_user_exists.test.sql ...................... ok
supabase/tests/10_8_11I8_list_user_tenants_workspace_name.test.sql ...... ok
supabase/tests/10_8_11J_update_display_name.test.sql .................... ok
supabase/tests/10_8_11K_subscription_status_consistency.test.sql ........ ok
supabase/tests/10_8_11M_entitlement_access_retention.test.sql ........... ok
supabase/tests/10_8_11N_expired_write_lock.test.sql ..................... ok
supabase/tests/10_8_11O1_archived_workspace_restore.test.sql ............ ok
supabase/tests/10_8_11O2_entitlement_archived_state_fix.test.sql ........ ok
supabase/tests/10_8_11O3_archived_workspace_restore_targeting.test.sql .. ok
supabase/tests/10_8_11O_retention_archive_lifecycle.test.sql ............ ok
supabase/tests/10_8_12_free_trial.test.sql .............................. ok
supabase/tests/10_8_1A_subscriptions_table.test.sql ..................... ok
supabase/tests/10_8_1_slug_system.test.sql .............................. ok
supabase/tests/10_8_2_entitlements_extension.test.sql ................... ok
supabase/tests/10_8_3_reminder_engine.test.sql .......................... ok
supabase/tests/10_8_4_deal_health.test.sql .............................. ok
supabase/tests/10_8_5_tc_data_model.test.sql ............................ ok
supabase/tests/10_8_6_farm_areas.test.sql ............................... ok
supabase/tests/10_8_8A_create_tenant.test.sql ........................... ok
supabase/tests/10_8_8B_set_tenant_slug.test.sql ......................... ok
supabase/tests/10_8_8D_check_slug_access.test.sql ....................... ok
supabase/tests/10_9_mao_calculator.test.sql ............................. ok
supabase/tests/6_10_activity_log_append_only.test.sql ................... ok
supabase/tests/6_11_role_guard_helper.test.sql .......................... ok
supabase/tests/6_3_tenant_integrity_suite.test.sql ...................... ok
supabase/tests/6_4_rls_structural_audit.test.sql ........................ ok
supabase/tests/6_6_row_version_concurrency.test.sql ..................... ok
supabase/tests/6_7_share_link_isolation.test.sql ........................ ok
supabase/tests/6_8_seat_role_model.test.sql ............................. ok
supabase/tests/6_9_foundation_surface.test.sql .......................... ok
supabase/tests/7_10_tenant_role_ordering_invariant.test.sql ............. ok
supabase/tests/7_4_entitlement_truth.test.sql ........................... ok
supabase/tests/7_5_rls_negative_suite.test.sql .......................... ok
supabase/tests/7_6_calc_version_protocol.test.sql ....................... ok
supabase/tests/7_8_role_enforcement_rpc.test.sql ........................ ok
supabase/tests/7_9_tenant_context_integrity.test.sql .................... ok
supabase/tests/8_10_share_token_scope_enforcement.test.sql .............. ok
supabase/tests/8_4_share_token_hash_at_rest.test.sql .................... ok
supabase/tests/8_5_share_surface_abuse_controls.test.sql ................ ok
supabase/tests/8_6_share_token_revocation.test.sql ...................... ok
supabase/tests/8_7_share_token_usage_logging.test.sql ................... ok
supabase/tests/8_8_share_token_secure_generation.test.sql ............... ok
supabase/tests/8_9_share_token_expiration_invariant.test.sql ............ ok
supabase/tests/9_4_token_format_validation.test.sql ..................... ok
supabase/tests/9_5_token_cardinality_guard.test.sql ..................... ok
supabase/tests/9_7_token_lifetime_invariant.test.sql .................... ok
All tests successful.
Files=83, Tests=994,  2 wallclock secs ( 0.13 usr  0.12 sys +  0.42 cusr  0.29 csys =  0.96 CPU)
Result: PASS
A new version of Supabase CLI is available: v2.98.2 (currently installed v2.90.1)
We recommend updating regularly for new features and bug fixes: https://supabase.com/docs/guides/cli/getting-started#updating-the-supabase-cli
== toolchain:contract ==
=== toolchain-contract ===
{
  "runner": {
    "RUNNER_OS": "unknown",
    "ImageOS": "unknown",
    "expected_runs_on": "ubuntu-24.04"
  },
  "node": {
    "actual": "v20.18.1",
    "expected": "v20.",
    "match": "prefix"
  },
  "npm": {
    "actual": "10.8.2",
    "expected": "10.",
    "match": "prefix"
  }
}
TOOLCHAIN_CONTRACT_OK
== truth:sync ==
== truth:check ==
=== truth-bootstrap: required paths (existence) ===
PASS EXISTS docs/truth/write_path_registry.json
PASS EXISTS docs/truth/required_checks.json
PASS EXISTS docs/truth/lane_checks.json
PASS EXISTS docs/truth/toolchain.json
PASS EXISTS docs/truth/qa_requirements.json
PASS EXISTS docs/truth/expected_surface.json
PASS EXISTS docs/truth/execute_allowlist.json
PASS EXISTS docs/truth/definer_allowlist.json
PASS EXISTS docs/truth/pr_scope_rules.json
PASS EXISTS docs/truth/robot_owned_paths.json
PASS EXISTS docs/truth/write_path_registry.json
PASS EXISTS docs/truth/rpc_budget.json
PASS EXISTS docs/truth/blocked_identifiers.json
PASS EXISTS docs/truth/tenant_table_selector.json
PASS EXISTS docs/truth/privilege_truth.json
PASS EXISTS docs/truth/calc_version_registry.json
PASS EXISTS docs/truth/ci_execution_surface.json
PASS EXISTS docs/truth/cloud_migration_parity.json
PASS EXISTS docs/truth/qa_requirements.schema.json
PASS EXISTS docs/truth/qa_scope_map.json
PASS EXISTS docs/truth/qa_claim.json
PASS EXISTS docs/truth/weweb_endpoints_truth.json
PASS EXISTS docs/truth/rpc_contract_registry.json
PASS EXISTS docs/truth/gate_promotion_registry.json
PASS EXISTS docs/truth/deal_health_thresholds.json
PASS EXISTS docs/truth/rpc_schemas/list_deals_v1.json
PASS EXISTS docs/truth/rpc_schemas/get_user_entitlements_v1.json
PASS EXISTS docs/truth/surface_truth.schema.json
PASS EXISTS docs/truth/cloud_inventory.schema.json
PASS EXISTS docs/truth/privilege_truth.schema.json
=== truth-bootstrap: JSON parse ===
PASS JSON docs/truth/write_path_registry.json
PASS JSON docs/truth/required_checks.json
PASS JSON docs/truth/lane_checks.json
PASS JSON docs/truth/toolchain.json
PASS JSON docs/truth/qa_requirements.json
PASS JSON docs/truth/expected_surface.json
PASS JSON docs/truth/execute_allowlist.json
PASS JSON docs/truth/definer_allowlist.json
PASS JSON docs/truth/pr_scope_rules.json
PASS JSON docs/truth/robot_owned_paths.json
PASS JSON docs/truth/write_path_registry.json
PASS JSON docs/truth/rpc_budget.json
PASS JSON docs/truth/blocked_identifiers.json
PASS JSON docs/truth/tenant_table_selector.json
PASS JSON docs/truth/privilege_truth.json
PASS JSON docs/truth/calc_version_registry.json
PASS JSON docs/truth/ci_execution_surface.json
PASS JSON docs/truth/cloud_migration_parity.json
PASS JSON docs/truth/qa_requirements.schema.json
PASS JSON docs/truth/qa_scope_map.json
PASS JSON docs/truth/qa_claim.json
PASS JSON docs/truth/weweb_endpoints_truth.json
PASS JSON docs/truth/rpc_contract_registry.json
PASS JSON docs/truth/gate_promotion_registry.json
PASS JSON docs/truth/deal_health_thresholds.json
PASS JSON docs/truth/rpc_schemas/list_deals_v1.json
PASS JSON docs/truth/rpc_schemas/get_user_entitlements_v1.json
PASS JSON docs/truth/surface_truth.schema.json
PASS JSON docs/truth/cloud_inventory.schema.json
PASS JSON docs/truth/privilege_truth.schema.json
=== truth-bootstrap: schema-lite checks (no Ajv) ===
SCHEMA_LITE_PASS: qa_claim.json
SCHEMA_LITE_PASS: qa_scope_map.json
SCHEMA_LITE_PASS: qa_requirements.json
SCHEMA_LITE_PASS: expected_surface.json
SCHEMA_LITE_PASS: calc_version_registry.json
SCHEMA_LITE_PASS: privilege_truth.json
SCHEMA_LITE_PASS: ci_execution_surface.json
SCHEMA_LITE_PASS: docs/truth/qa_requirements.schema.json
SCHEMA_LITE_PASS: docs/truth/surface_truth.schema.json
SCHEMA_LITE_PASS: docs/truth/cloud_inventory.schema.json
SCHEMA_LITE_PASS: docs/truth/privilege_truth.schema.json
STATUS: PASS (truth-bootstrap OK)
=== required-checks-contract ===
WORKFLOWS: 7
DISCOVERED_CHECKS:
 - CI / anon-privilege-audit
 - CI / automation-contract
 - CI / background-context-review
 - CI / blocked-identifiers
 - CI / calc-version-registry
 - CI / changes
 - CI / ci-db-smoke
 - CI / ci-encoding-audit
 - CI / ci-normalize-sweep
 - CI / ci-path-leak-audit
 - CI / ci-semantic-contract
 - CI / ci-topology-audit
 - CI / clean-room-replay
 - CI / cloud-migration-parity
 - CI / cloud-schema-drift
 - CI / data-surface-truth
 - CI / db-heavy
 - CI / deferred-proof-registry
 - CI / definer-safety-audit
 - CI / docs-push-contract
 - CI / entitlement-policy-coupling
 - CI / env-sanity
 - CI / foundation-invariants
 - CI / gate-promotion-registry
 - CI / governance-change-guard
 - CI / governance-change-template-contract
 - CI / governance-path-coverage
 - CI / handoff-commit-safety
 - CI / handoff-idempotency
 - CI / handoff-preconditions
 - CI / job-graph-ordering
 - CI / lane-enforcement
 - CI / lane-policy-contract
 - CI / main-moved-guard
 - CI / migration-grant-lint
 - CI / migration-rls-colocation
 - CI / migration-schema-coupling
 - CI / policy-coupling
 - CI / proof-commit-binding
 - CI / proof-manifest
 - CI / qa-requirements-contract
 - CI / qa-scope-coverage
 - CI / qa-verify
 - CI / required
 - CI / rls-strategy-consistent
 - CI / robot-owned-guard
 - CI / robot-owned-publish-guard
 - CI / rpc-contract-registry
 - CI / rpc-error-contracts
 - CI / rpc-mapping-contract
 - CI / rpc-response-contract-tests
 - CI / schema-drift
 - CI / ship-guard
 - CI / stop-the-line
 - CI / stop-the-line-xor
 - CI / test
 - CI / token-lifetime
 - CI / toolchain-contract
 - CI / toolchain-contract-supabase
 - CI / truth-sync-enforced
 - CI / unregistered-table-access
 - CI / waiver-debt-enforcement
 - CI / waiver-rate-limit
 - CI / weweb-drift
 - CI / write-lock-coverage
 - Deploy embed to GitHub Pages / deploy
 - database-tests / pgtap
 - database-tests / postgrest-isolation
 - placeholder / placeholder
 - policy-drift-attestation / policy-drift-attestation
 - retention-lifecycle-scheduler / retention-lifecycle
 - secrets-scan / secrets-scan
REQUIRED_CHECKS:
 - CI / anon-privilege-audit
 - CI / automation-contract
 - CI / background-context-review
 - CI / blocked-identifiers
 - CI / calc-version-registry
 - CI / ci-db-smoke
 - CI / ci-encoding-audit
 - CI / ci-normalize-sweep
 - CI / ci-path-leak-audit
 - CI / ci-semantic-contract
 - CI / ci-topology-audit
 - CI / clean-room-replay
 - CI / cloud-schema-drift
 - CI / data-surface-truth
 - CI / db-heavy
 - CI / deferred-proof-registry
 - CI / definer-safety-audit
 - CI / docs-push-contract
 - CI / entitlement-policy-coupling
 - CI / env-sanity
 - CI / foundation-invariants
 - CI / gate-promotion-registry
 - CI / governance-change-guard
 - CI / governance-path-coverage
 - CI / handoff-commit-safety
 - CI / handoff-idempotency
 - CI / handoff-preconditions
 - CI / job-graph-ordering
 - CI / lane-enforcement
 - CI / lane-policy-contract
 - CI / migration-grant-lint
 - CI / migration-rls-colocation
 - CI / migration-schema-coupling
 - CI / policy-coupling
 - CI / proof-commit-binding
 - CI / proof-manifest
 - CI / qa-requirements-contract
 - CI / qa-scope-coverage
 - CI / qa-verify
 - CI / rls-strategy-consistent
 - CI / robot-owned-guard
 - CI / robot-owned-publish-guard
 - CI / rpc-contract-registry
 - CI / rpc-error-contracts
 - CI / rpc-mapping-contract
 - CI / rpc-response-contract-tests
 - CI / schema-drift
 - CI / ship-guard
 - CI / stop-the-line
 - CI / stop-the-line-xor
 - CI / test
 - CI / token-lifetime
 - CI / toolchain-contract
 - CI / toolchain-contract-supabase
 - CI / truth-sync-enforced
 - CI / unregistered-table-access
 - CI / waiver-debt-enforcement
 - CI / waiver-rate-limit
 - CI / write-lock-coverage
 - database-tests / pgtap
=== verify: no lane-only checks in required_checks.json ===
PASS lane-only excluded
=== verify: required_checks.json matches workflow job names (string-exact) ===
PASS required checks all map to workflow job names
STATUS: PASS (required-checks-contract OK)
== lint:calc-version ==
=== calc-version-registry: calc_version change protocol ===
Base ref: origin/main
  CALC-LOGIC: supabase/migrations/20260513000003_10_13A_offer_data_contract_soft_offer.sql (matched token: calc_version)

Calc-logic files changed: 1
calc_version_registry.json changed: True

calc-version-registry: PASS
== proof:manifest ==
PROOF_MANIFEST_OK
== proof-commit-binding ==
From https://github.com/marietsairealtor-cloud/equity-flow-system
 * branch            main       -> FETCH_HEAD
PROOF_COMMIT_BINDING_SKIP: no proof files changed in PR
