PROOF_HEAD=d37a9361006980c4a9e12e3d623d4cd20bf85521
PROOF_SCRIPTS_FILES=scripts/ci_proof_commit_binding.ps1
PROOF_SCRIPTS_FILE_SHA256=scripts/ci_proof_commit_binding.ps1:6f587ea8a5c11be7797cabd6ad10df93383c109a3612a89f356f2b3dd65d9eba
PROOF_SCRIPTS_HASH=ce0178bfa8774469ee797cbb450f48bda03bc02d66100de19ea4e5ea96955ab3
=== 10.8.7A Deal Photos Storage Bucket -- Proof Log ===
Date: 2026-03-20T12:17:42.1637667-04:00
Branch: feat/10.8.7A-deal-photos
PR HEAD SHA: d37a9361006980c4a9e12e3d623d4cd20bf85521

=== DoD: bucket deal-photos exists ===
deal-photos|deal-photos|f|10485760|{image/jpeg,image/png}


=== DoD: file_size_limit = 10MB, JPEG and PNG only ===
10485760|{image/jpeg,image/png}


=== DoD: Storage RLS policies - USING clauses (SELECT, UPDATE, DELETE) ===
deal_photos_delete_own|DELETE|((bucket_id = 'deal-photos'::text) AND (array_length(string_to_array(name, '/'::text), 1) = 3) AND ((string_to_array(name, '/'::text))[1] = (current_tenant_id())::text) AND (((string_to_array(name, '/'::text))[3] ~~* '%.jpg'::text) OR ((string_to_array(name, '/'::text))[3] ~~* '%.png'::text)))
deal_photos_select_own|SELECT|((bucket_id = 'deal-photos'::text) AND (array_length(string_to_array(name, '/'::text), 1) = 3) AND ((string_to_array(name, '/'::text))[1] = (current_tenant_id())::text) AND (((string_to_array(name, '/'::text))[3] ~~* '%.jpg'::text) OR ((string_to_array(name, '/'::text))[3] ~~* '%.png'::text)))
deal_photos_update_own|UPDATE|((bucket_id = 'deal-photos'::text) AND (array_length(string_to_array(name, '/'::text), 1) = 3) AND ((string_to_array(name, '/'::text))[1] = (current_tenant_id())::text) AND (((string_to_array(name, '/'::text))[3] ~~* '%.jpg'::text) OR ((string_to_array(name, '/'::text))[3] ~~* '%.png'::text)))


=== DoD: Storage RLS policies - WITH CHECK clause (INSERT) ===
deal_photos_insert_own|INSERT|((bucket_id = 'deal-photos'::text) AND (array_length(string_to_array(name, '/'::text), 1) = 3) AND ((string_to_array(name, '/'::text))[1] = (current_tenant_id())::text) AND (((string_to_array(name, '/'::text))[3] ~~* '%.jpg'::text) OR ((string_to_array(name, '/'::text))[3] ~~* '%.png'::text)))


=== DoD: no anon access ===
0


=== DoD: path contract enforced - 3 segments, segment[1]=tenant_id, segment[3] ends .jpg or .png ===
PROVEN: all four RLS policies enforce array_length=3 AND segment[1]=current_tenant_id() AND segment[3] ILIKE %.jpg OR %.png

=== Files changed in PR ===
docs/artifacts/CONTRACTS.md
docs/governance/GOVERNANCE_CHANGE_20260320T154839Z.md
docs/handoff_latest.txt
docs/truth/cloud_migration_parity.json
docs/truth/qa_claim.json
docs/truth/qa_scope_map.json
docs/truth/write_path_registry.json
generated/contracts.snapshot.json
scripts/ci_robot_owned_guard.ps1
supabase/migrations/20260320000001_10_8_7A_deal_photos.sql


=== Phase 3 verification ===
green:once   -- PASS
green:twice  -- PASS
pr:preflight -- PASS

=== RESULT ===
10.8.7A Deal Photos Storage Bucket: PASS (lane-only gate)