PROOF_HEAD=3bce07f8483923a042cc61a097b8b686301d58a3
PROOF_SCRIPTS_FILES=scripts/ci_proof_commit_binding.ps1
PROOF_SCRIPTS_FILE_SHA256=scripts/ci_proof_commit_binding.ps1:6f587ea8a5c11be7797cabd6ad10df93383c109a3612a89f356f2b3dd65d9eba
PROOF_SCRIPTS_HASH=ce0178bfa8774469ee797cbb450f48bda03bc02d66100de19ea4e5ea96955ab3
=== 10.8.11B set_current_tenant_v1 -- Proof Log ===
Date: 2026-04-01T19:56:32.7233805-04:00
Branch: feat/10.8.11B-set-current-tenant
PR HEAD SHA: 3bce07f8483923a042cc61a097b8b686301d58a3

=== Migration ===
File: supabase/migrations/20260401000003_10_8_11B_set_current_tenant.sql
Function: public.set_current_tenant_v1(p_tenant_id uuid)
Type: SECURITY DEFINER
search_path: public
Authenticated-only: YES
Caller-supplied user_id: NONE

=== Behavior ===
1. Validates auth.uid() exists
2. Validates p_tenant_id is not null
3. Validates caller is a member of the target tenant
4. Upserts user_profiles.current_tenant_id for caller
5. Returns tenant_id in data envelope

=== Return Shape ===
ok: bool
code: OK | NOT_AUTHORIZED | VALIDATION_ERROR | INTERNAL
data.tenant_id: uuid
error: object | null

=== Grants ===
REVOKE ALL FROM PUBLIC: YES
GRANT EXECUTE TO authenticated: YES

=== Definer Safety Audit ===
allowlist: PASS
proconfig search_path: PASS
dynamic SQL: PASS
tenant membership: PASS (exempted via tenant_context_exempt)

=== pgTAP Tests ===
File: supabase/tests/10_8_11B_set_current_tenant.test.sql
Tests: 9
1. Function exists
2. Valid switch returns OK
3. Returns correct tenant_id in data
4. current_tenant_id actually updated in user_profiles
5. Non-member tenant returns NOT_AUTHORIZED
6. Null tenant_id returns VALIDATION_ERROR
7. anon cannot EXECUTE
8. authenticated can EXECUTE
9. NOT_AUTHORIZED with no auth context
Result: PASS

=== Truth Files Updated ===
docs/truth/execute_allowlist.json: set_current_tenant_v1 added
docs/truth/definer_allowlist.json: public.set_current_tenant_v1 added + tenant_context_exempt
docs/truth/rpc_contract_registry.json: 10.8.11B entry added
docs/truth/privilege_truth.json: set_current_tenant_v1 added to routine_grants + migration_grant_allowlist
docs/truth/qa_claim.json: updated to 10.8.11B
docs/truth/qa_scope_map.json: 10.8.11B entry added

=== Files changed in PR ===
docs/artifacts/CONTRACTS.md
docs/governance/GOVERNANCE_CHANGE_20260401T234710Z.md
docs/handoff_latest.txt
docs/truth/cloud_migration_parity.json
docs/truth/definer_allowlist.json
docs/truth/execute_allowlist.json
docs/truth/privilege_truth.json
docs/truth/qa_claim.json
docs/truth/qa_scope_map.json
docs/truth/rpc_contract_registry.json
docs/truth/write_path_registry.json
generated/contracts.snapshot.json
generated/schema.sql
scripts/ci_robot_owned_guard.ps1
supabase/migrations/20260401000003_10_8_11B_set_current_tenant.sql
supabase/tests/10_8_11B_set_current_tenant.test.sql
supabase/tests/7_8_role_enforcement_rpc.test.sql
supabase/tests/7_9_tenant_context_integrity.test.sql


=== Phase 3 verification ===
green:once   -- PASS
green:twice  -- PASS
pr:preflight -- PASS

=== DoD Checklist ===
set_current_tenant_v1 exists                         -- PASS
SECURITY DEFINER, authenticated-only                 -- PASS
No caller-supplied user_id                           -- PASS
Validates p_tenant_id is not null                    -- PASS
Validates caller is member of target tenant          -- PASS
Updates user_profiles.current_tenant_id via upsert   -- PASS
Returns tenant_id in data                            -- PASS
Non-member tenant returns NOT_AUTHORIZED             -- PASS
Standard envelope enforced                           -- PASS
Registered in all required truth files               -- PASS
pgTAP: valid switch + DB update verified             -- PASS
pgTAP: invalid tenant rejected                       -- PASS
pgTAP: non-member rejected                           -- PASS

=== RESULT ===
10.8.11B set_current_tenant_v1: PASS (merge-blocking)