PROOF_HEAD=5cc2e3aa17a256e6ea953ebe8a04bed5e586d53b
PROOF_SCRIPTS_FILES=scripts/ci_proof_commit_binding.ps1
PROOF_SCRIPTS_FILE_SHA256=scripts/ci_proof_commit_binding.ps1:6f587ea8a5c11be7797cabd6ad10df93383c109a3612a89f356f2b3dd65d9eba
PROOF_SCRIPTS_HASH=ce0178bfa8774469ee797cbb450f48bda03bc02d66100de19ea4e5ea96955ab3
=== 10.8.11I8 list_user_tenants_v1 Workspace Name Corrective Fix -- Proof Log ===
Date: 2026-04-10T10:32:28.3637325-04:00
Branch: feature/10.8.11I8-list-user-tenants-workspace-name
PR HEAD SHA: 5cc2e3aa17a256e6ea953ebe8a04bed5e586d53b

=== Deliverable ===
Migration: 20260410000001_10_8_11I8_list_user_tenants_workspace_name.sql -- applied
Test file: supabase/tests/10_8_11I8_list_user_tenants_workspace_name.test.sql -- PASS

=== Corrective Fix ===
list_user_tenants_v1 previously returned workspace_name: null (hardcoded).
Now joins public.tenants and returns workspace_name from tenants.name.
No schema changes. No new columns. No new RPCs. Interface unchanged.

=== pgTAP Results ===
supabase db reset -- PASS (50 test files, 509 tests, 0 failures)
list_user_tenants_v1 returns ok=true -- PASS
workspace_name sourced from public.tenants.name -- PASS
workspace_name is not null -- PASS

=== db push ===
20260410000001_10_8_11I8_list_user_tenants_workspace_name.sql -- applied

=== DoD Checklist ===
list_user_tenants_v1 joins public.tenants                          -- PASS
returns workspace_name from public.tenants.name                    -- PASS
no hardcoded null placeholder                                      -- PASS
no schema changes                                                  -- PASS
no new columns                                                     -- PASS
no new RPCs                                                        -- PASS
standard envelope unchanged                                        -- PASS
pgTAP proves workspace_name sourced from tenant row                -- PASS
CONTRACTS.md section 17 updated                                    -- PASS

=== Registration ===
qa_scope_map.json -- PASS
qa_claim.json -- PASS
ci_robot_owned_guard.ps1 -- PASS
CONTRACTS.md section 17 updated -- PASS
Governance file: GOVERNANCE_CHANGE_20260410T141232Z.md -- PASS

=== Phase 2 ===
npm run handoff -- PASS
npm run handoff:commit -- PASS

=== Phase 3 ===
green:once -- PASS
green:twice -- PASS
pr:preflight -- PASS

=== RESULT ===
10.8.11I8 list_user_tenants_v1 Workspace Name Corrective Fix: PASS (merge-blocking gate)