UTC=20260209_201409Z
HEAD=c487dd393ae6a74e9d41fbd8c20c5e06b695b215
BRANCH=pr/2.12-secrets-scan
=== gitleaks version ===
v8.30.0
=== gitleaks detect (repo) ===

    Γùï
    ΓöéΓò▓
    Γöé Γùï
    Γùï Γûæ
    Γûæ    gitleaks

8:14PM INF 65 commits scanned.
8:14PM INF scanned ~221832 bytes (221.83 KB) in 2.64s
8:14PM INF no leaks found
=== gitleaks detect (docs/proofs) ===

    Γùï
    ΓöéΓò▓
    Γöé Γùï
    Γùï Γûæ
    Γûæ    gitleaks

8:14PM INF 65 commits scanned.
8:14PM INF scanned ~221832 bytes (221.83 KB) in 2.73s
8:14PM INF no leaks found
