UTC=20260210_143642Z
== workflow triggers ==
name: policy-drift-attestation

on:
  workflow_dispatch: {}
  schedule:
    - cron: '17 3 * * *'

permissions:
  contents: read

jobs:
  policy-drift-attestation:
    runs-on: ubuntu-latest
    steps:
      - uses: actions/checkout@v4

      - name: Attest GitHub policy drift (snapshot diff)
        env:
          GH_TOKEN: ${{ github.token }}
        run: |
          node scripts/policy_drift_attest.mjs
== snapshot sha256 ==
5258b81d1f29ddf88a6c0cdd59aeaf962c0179097d8da995fe0d0a997d444476 *docs/truth/github_policy_snapshot.json
== attest output (GET + OK) ==
stdout is not a tty
RESULT=PASS
