PROOF_HEAD=b0f5b4b546d0037807a99f22fe6c4f9be9d608ac
PROOF_SCRIPTS_FILES=scripts\ci_proof_commit_binding.ps1
PROOF_SCRIPTS_FILE_SHA256=scripts\ci_proof_commit_binding.ps1:6f587ea8a5c11be7797cabd6ad10df93383c109a3612a89f356f2b3dd65d9eba
PROOF_SCRIPTS_HASH=547fb37ceb0c3e00815308898df4f8d1aa98ba5036fc9ee5380ea8c62c88b6fb
PROOF: 2.16.6 YAML fix (lane-policy-contract indentation)
UTC: 20260215_233143Z
BRANCH: pr/2.16.6-lane-policy-truth
PR_HEAD: b0f5b4b546d0037807a99f22fe6c4f9be9d608ac
FILE: .github/workflows/ci.yml
diff --git a/.github/workflows/ci.yml b/.github/workflows/ci.yml
index 694db16..238d5ca 100644
--- a/.github/workflows/ci.yml
+++ b/.github/workflows/ci.yml
@@ -229,7 +229,7 @@ jobs:
           PR_NUMBER: ${{ github.event.pull_request.number }}
         run: npm run stop-the-line
   lane-policy-contract:
-name: lane-policy-contract
+    name: lane-policy-contract
     runs-on: ubuntu-latest
     steps:
       - uses: actions/checkout@v4
