PROOF_HEAD=daef913cce59f79e03794222b75296c55eb2b53d
PROOF_SCRIPTS_FILES=scripts\ci_proof_commit_binding.ps1
PROOF_SCRIPTS_FILE_SHA256=scripts\ci_proof_commit_binding.ps1:6f587ea8a5c11be7797cabd6ad10df93383c109a3612a89f356f2b3dd65d9eba
PROOF_SCRIPTS_HASH=547fb37ceb0c3e00815308898df4f8d1aa98ba5036fc9ee5380ea8c62c88b6fb

The argument 'scripts/lane_enforcement_probe.ps1' is not recognized as the name of a script file. Check the spelling of the name, or if a path was included, verify that the path is correct and try again.
Usage: pwsh[.exe] [-Login] [[-File] <filePath> [args]]
                  [-Command { - | <script-block> [-args <arg-array>]
                                | <string> [<CommandParameters>] } ]
                  [-CommandWithArgs <string> [<CommandParameters>]
                  [-ConfigurationName <string>] [-ConfigurationFile <filePath>]
                  [-CustomPipeName <string>] [-EncodedCommand <Base64EncodedCommand>]
                  [-ExecutionPolicy <ExecutionPolicy>] [-InputFormat {Text | XML}]
                  [-Interactive] [-MTA] [-NoExit] [-NoLogo] [-NonInteractive] [-NoProfile]
                  [-NoProfileLoadTime] [-OutputFormat {Text | XML}] 
                  [-SettingsFile <filePath>] [-SSHServerMode] [-STA] 
                  [-Version] [-WindowStyle <style>] 
                  [-WorkingDirectory <directoryPath>]

       pwsh[.exe] -h | -Help | -? | /?

PowerShell Online Help https://aka.ms/powershell-docs

All parameters are case-insensitive.
