PROOF_HEAD=28ed5e4a14e77afbfe66b36bef98fe7813ba50ad
PROOF_SCRIPTS_FILES=scripts/ci_proof_commit_binding.ps1
PROOF_SCRIPTS_FILE_SHA256=scripts/ci_proof_commit_binding.ps1:6f587ea8a5c11be7797cabd6ad10df93383c109a3612a89f356f2b3dd65d9eba
PROOF_SCRIPTS_HASH=ce0178bfa8774469ee797cbb450f48bda03bc02d66100de19ea4e5ea96955ab3
=== 3.9.5 Proof Secret Scan ===
DATE: 20260222T003447Z

PRE-IMPLEMENTATION CHECK
All three patterns checked against existing docs/proofs/*.log — CLEAN

DELIBERATE-FAILURE REGRESSION

Test 1: supabase-service-role-jwt
Test input: [redacted]
Outcome: SECRET_SCAN_FAIL — pattern name printed, line number printed, sanitized excerpt printed
Exit code: 1 — manifest not written — CONFIRMED

Test 2: postgres-connection-string
Test input: [redacted]
Outcome: SECRET_SCAN_FAIL — pattern name printed, line number printed, sanitized excerpt printed
Exit code: 1 — manifest not written — CONFIRMED

Test 3: supabase-personal-access-token
Test input: [redacted]
Outcome: SECRET_SCAN_FAIL — pattern name printed, line number printed, sanitized excerpt printed
Exit code: 1 — manifest not written — CONFIRMED

FALSE-POSITIVE REGRESSION
Input: SHA256 hex hash, manifest hash, UTC timestamp
Outcome: SECRET_SCAN: PASS
Exit code: 0 — manifest written — CONFIRMED

GATE ENFORCEMENT
No separate CI job. Downstream: proof-manifest fails if finalize blocked.
Patterns file: docs/truth/secret_scan_patterns.json
Pattern count: 3

STATUS: PASS