PROOF_HEAD=2e71da015cd5a2514777eb73d453298afb3b3263
PROOF_SCRIPTS_FILES=scripts/ci_proof_commit_binding.ps1
PROOF_SCRIPTS_FILE_SHA256=scripts/ci_proof_commit_binding.ps1:6f587ea8a5c11be7797cabd6ad10df93383c109a3612a89f356f2b3dd65d9eba
PROOF_SCRIPTS_HASH=ce0178bfa8774469ee797cbb450f48bda03bc02d66100de19ea4e5ea96955ab3
=== truth-bootstrap: required paths (existence) ===
PASS EXISTS docs/truth/required_checks.json
PASS EXISTS docs/truth/lane_checks.json
PASS EXISTS docs/truth/toolchain.json
PASS EXISTS docs/truth/qa_requirements.json
PASS EXISTS docs/truth/expected_surface.json
PASS EXISTS docs/truth/execute_allowlist.json
PASS EXISTS docs/truth/definer_allowlist.json
PASS EXISTS docs/truth/pr_scope_rules.json
PASS EXISTS docs/truth/robot_owned_paths.json
PASS EXISTS docs/truth/rpc_budget.json
PASS EXISTS docs/truth/blocked_identifiers.json
PASS EXISTS docs/truth/tenant_table_selector.json
PASS EXISTS docs/truth/privilege_truth.json
PASS EXISTS docs/truth/ci_execution_surface.json
PASS EXISTS docs/truth/qa_requirements.schema.json
PASS EXISTS docs/truth/qa_scope_map.json
PASS EXISTS docs/truth/qa_claim.json
PASS EXISTS docs/truth/surface_truth.schema.json
PASS EXISTS docs/truth/cloud_inventory.schema.json
PASS EXISTS docs/truth/privilege_truth.schema.json
=== truth-bootstrap: JSON parse ===
PASS JSON docs/truth/required_checks.json
PASS JSON docs/truth/lane_checks.json
PASS JSON docs/truth/toolchain.json
PASS JSON docs/truth/qa_requirements.json
PASS JSON docs/truth/expected_surface.json
PASS JSON docs/truth/execute_allowlist.json
PASS JSON docs/truth/definer_allowlist.json
PASS JSON docs/truth/pr_scope_rules.json
PASS JSON docs/truth/robot_owned_paths.json
PASS JSON docs/truth/rpc_budget.json
PASS JSON docs/truth/blocked_identifiers.json
PASS JSON docs/truth/tenant_table_selector.json
PASS JSON docs/truth/privilege_truth.json
PASS JSON docs/truth/ci_execution_surface.json
PASS JSON docs/truth/qa_requirements.schema.json
PASS JSON docs/truth/qa_scope_map.json
PASS JSON docs/truth/qa_claim.json
PASS JSON docs/truth/surface_truth.schema.json
PASS JSON docs/truth/cloud_inventory.schema.json
PASS JSON docs/truth/privilege_truth.schema.json
=== truth-bootstrap: schema-lite checks (no Ajv) ===
SCHEMA_LITE_PASS: qa_claim.json
SCHEMA_LITE_PASS: qa_scope_map.json
SCHEMA_LITE_PASS: qa_requirements.json
SCHEMA_LITE_PASS: expected_surface.json
SCHEMA_LITE_PASS: privilege_truth.json
SCHEMA_LITE_PASS: ci_execution_surface.json
SCHEMA_LITE_PASS: docs/truth/qa_requirements.schema.json
SCHEMA_LITE_PASS: docs/truth/surface_truth.schema.json
SCHEMA_LITE_PASS: docs/truth/cloud_inventory.schema.json
SCHEMA_LITE_PASS: docs/truth/privilege_truth.schema.json
STATUS: PASS (truth-bootstrap OK)
