PROOF_HEAD=abc3ebb402c76b378a304aae67120df53f70059f
PROOF_SCRIPTS_FILES=scripts/ci_proof_commit_binding.ps1
PROOF_SCRIPTS_FILE_SHA256=scripts/ci_proof_commit_binding.ps1:6f587ea8a5c11be7797cabd6ad10df93383c109a3612a89f356f2b3dd65d9eba
PROOF_SCRIPTS_HASH=ce0178bfa8774469ee797cbb450f48bda03bc02d66100de19ea4e5ea96955ab3
=== 7.11 Studio Drift Check SLA + Release Checklist Binding — Proof Log ===
Date: 2026-03-05T19:24:51.2271502-05:00
Branch: 7.11-studio-drift-sla
HEAD: abc3ebb402c76b378a304aae67120df53f70059f

=== Versions ===
Node: v20.18.1
pwsh: 7.5.4

=== DoD: STUDIO_MUTATION_POLICY.md updated with deploy-triggered SLA ===
## Deploy-Triggered Drift Check SLA (7.11)

=== DoD: STUDIO_MUTATION_POLICY.md updated with incident-trigger ===
## Incident Trigger

=== DoD: RELEASE_CHECKLIST.md exists with mandatory drift check checkbox ===
True
- [ ] Run `scripts/cloud_schema_drift_check.ps1` against live cloud project
- [ ] Run `scripts/cloud_schema_drift_check.ps1` immediately

=== DoD: scripts/cloud_schema_drift_check.ps1 exists ===
True

=== DoD: Drift check script is operator-run only (not in CI) ===
cloud_schema_drift_check referenced in CI workflows: False

=== Full STUDIO_MUTATION_POLICY.md ===
# Studio Mutation Policy

**Authority:** Build Route v2.4 Items 7.7, 7.11
**Status:** Enforced — operator acknowledgment required for any exception.

## Rule

All schema changes must go through migrations committed to the repository
and merged via PR. No direct schema mutations via Supabase Studio cloud
console are permitted without a compensating migration.

## Emergency Exception Protocol

If an emergency Studio write is made to the live cloud project:

1. The mutation must be immediately followed by a compensating migration
   that replicates the change in SQL form.
2. The compensating migration must be merged via PR within 24 hours.
3. A stop-the-line acknowledgment per AUTOMATION.md §6 is required before
   any further deployments are made.
4. No exceptions to this protocol are permitted without explicit stop-the-line
   acknowledgment.

## Drift Detection

Operators must run `scripts/cloud_schema_drift_check.ps1` periodically and
after any suspected out-of-band mutation. Output must be captured and
finalized via `npm run proof:finalize`.

This script is **never run in CI**. Cloud credentials must not be exposed
in workflow logs. It is operator-run only.

## Deploy-Triggered Drift Check SLA (7.11)

A drift check is **mandatory** after every deploy to the cloud project.
This is a release-triggered obligation, not optional.

Sequence after every deploy:

1. Run `scripts/cloud_schema_drift_check.ps1` against the live cloud project.
2. Capture output to a proof log: `docs/proofs/drift_check_<UTC>.log`.
3. Finalize via `npm run proof:finalize docs/proofs/drift_check_<UTC>.log`.
4. If drift is detected: stop-the-line immediately. No further deploys until resolved.

## Incident Trigger

If console edits are suspected (e.g., schema objects exist that are not
present in `generated/schema.sql`, or a team member reports a Studio edit):

1. Run `scripts/cloud_schema_drift_check.ps1` immediately.
2. If drift is confirmed: open an INCIDENT entry in `docs/threats/INCIDENTS.md`.
3. Author a compensating migration within 24 hours.
4. No deploys until the incident is resolved and drift check passes clean.

## Rationale

Supabase Studio allows direct DDL execution against the live cloud database.
Without this policy, schema drift can silently diverge from migration history,
breaking the append-only migration invariant and undermining the audit trail.

=== Full RELEASE_CHECKLIST.md ===
# Release Checklist

**Authority:** Build Route v2.4 Item 7.11
**Status:** Enforced — every item must be completed before a release is declared stable.

## Pre-Deploy

- [ ] `git checkout main && git pull` — main is clean
- [ ] `npm run pr:preflight` — PASS
- [ ] `npm run ship` — PASS, zero diffs

## Post-Deploy (mandatory)

- [ ] Run `scripts/cloud_schema_drift_check.ps1` against live cloud project
- [ ] Capture output to `docs/proofs/drift_check_<UTC>.log`
- [ ] Finalize proof: `npm run proof:finalize docs/proofs/drift_check_<UTC>.log`
- [ ] Drift check result: PASS (zero drift)
- [ ] If drift detected: stop-the-line, open INCIDENT, no further deploys

## Incident Trigger (if console edits suspected)

- [ ] Run `scripts/cloud_schema_drift_check.ps1` immediately
- [ ] If drift confirmed: INCIDENT entry in `docs/threats/INCIDENTS.md`
- [ ] Compensating migration authored within 24 hours
- [ ] Drift check re-run: PASS after migration merged

=== Phase 3 verification ===
green:twice  — PASS
pr:preflight — PASS

=== RESULT ===
7.11 Studio Drift Check SLA + Release Checklist Binding: PASS
