PROOF_HEAD=d52806b57f2a66e51f1a53326d5a6616fa93153c
PROOF_SCRIPTS_FILES=scripts/ci_proof_commit_binding.ps1
PROOF_SCRIPTS_FILE_SHA256=scripts/ci_proof_commit_binding.ps1:6f587ea8a5c11be7797cabd6ad10df93383c109a3612a89f356f2b3dd65d9eba
PROOF_SCRIPTS_HASH=ce0178bfa8774469ee797cbb450f48bda03bc02d66100de19ea4e5ea96955ab3
=== 8.6 Share Token Revocation — Proof Log ===
Date: 2026-03-09T19:20:23.7735400-04:00
Branch: feat/8.6-share-token-revocation
PR HEAD SHA: c5014484427bec8992314f844d61f3686140d821

=== Versions ===
Node: v20.18.1
pwsh: 7.5.4
Supabase CLI: 2.76.11

=== DoD 1: revoked_at column exists on share_tokens ===
revoked_at|timestamp with time zone|YES

=== DoD 2: lookup_share_token_v1 refuses revoked tokens ===
Covered by pgTAP tests 2, 3, 4 — see test results below.

=== DoD 3: Revoked tokens return same shape as invalid tokens ===
Covered by pgTAP test 3 — response identity check.

=== DoD 4: Revocation is idempotent ===
Covered by pgTAP test 7 — second revoke returns OK.

=== DoD 5: No existence leak between revoked vs nonexistent tokens ===
Covered by pgTAP test 3 — identical response shape confirmed.

=== pgTAP test results ===
Connecting to local database...
  6.10_activity_log_append_only.pgtap.sql .... ok
  6_11_role_guard_helper.test.sql ............ ok
  6_8_seat_role_model.test.sql ............... ok
  6_9_foundation_surface.test.sql ............ ok
  7_10_tenant_role_ordering_invariant.sql .... ok
  7_4_entitlement_truth.test.sql ............. ok
  7_5_rls_negative_suite.test.sql ............ ok
  7_6_calc_version_protocol.pgtap.sql ........ ok
  7_8_role_enforcement_rpc.test.sql .......... ok
  7_9_tenant_context_integrity.test.sql ...... ok
  8_4_share_token_hash_at_rest.test.sql ...... ok
  8_5_share_surface_abuse_controls.test.sql .. ok
  8_6_share_token_revocation.test.sql ........ ok
  rls_structural_audit.test.sql .............. ok
  row_version_concurrency.test.sql ........... ok
  share_link_isolation.test.sql .............. ok
  tenant_isolation.test.sql .................. ok
All tests successful.
Files=17, Tests=136,  1 wallclock secs ( 0.04 usr  0.03 sys +  0.05 cusr  0.09 csys =  0.21 CPU)
Result: PASS

=== Revocation precedence behavior ===
revoked_at IS NOT NULL check runs before expires_at check in lookup RPC.
Test 4 proves: revoked token with future expires_at returns NOT_FOUND.

=== Token lifecycle scenario ===
1. Token seeded as valid (no expiry, no revocation) → OK
2. revoke_share_token_v1 called → OK
3. Token lookup after revocation → NOT_FOUND
4. revoke_share_token_v1 called again → OK (idempotent)
5. Nonexistent token revocation → OK (silent)

=== Phase 3 verification ===
green:once   — PASS
green:twice  — PASS
pr:preflight — PASS

=== RESULT ===
8.6 Share Token Revocation: PASS
