PROOF_HEAD=7154aea4b064db91e4cd66be77be7e849a9790d7
PROOF_SCRIPTS_FILES=scripts/ci_proof_commit_binding.ps1
PROOF_SCRIPTS_FILE_SHA256=scripts/ci_proof_commit_binding.ps1:6f587ea8a5c11be7797cabd6ad10df93383c109a3612a89f356f2b3dd65d9eba
PROOF_SCRIPTS_HASH=ce0178bfa8774469ee797cbb450f48bda03bc02d66100de19ea4e5ea96955ab3
=== 8.8 Share Token Secure Generation Contract — Proof Log ===
Date: 2026-03-09T22:02:40.1991636-04:00
Branch: feat/8.8-share-token-secure-generation
PR HEAD SHA: 7154aea4b064db91e4cd66be77be7e849a9790d7

=== Versions ===
Node: v20.18.1
pwsh: 7.5.4
Supabase CLI: 2.76.11

=== DoD 1: Token generation uses approved secure randomness source ===
create_share_token_v1 uses extensions.gen_random_bytes(32) — 256 bits entropy.
  -- Tokens use gen_random_bytes(32) — 256 bits entropy (>= 128 bit minimum).
  v_token := 'shr_' || encode(extensions.gen_random_bytes(32), 'hex');

=== DoD 2: Tokens contain required shr_ prefix ===
Covered by pgTAP test 2 — token LIKE 'shr_%' assertion passes.

=== DoD 3: Token length meets minimum strength requirement ===
shr_ (4 chars) + encode(32 bytes, hex) (64 chars) = 68 chars minimum.
Covered by pgTAP test 3 — length >= 68 assertion passes.

=== DoD 4: Token hash-at-rest includes prefix ===
v_token := 'shr_' || encode(extensions.gen_random_bytes(32), 'hex')
v_hash  := extensions.digest(v_token, 'sha256')
Full token including prefix is hashed. Covered by pgTAP test 6 — hash length = 32 bytes (sha256).

=== pgTAP test results ===
Connecting to local database...
  6.10_activity_log_append_only.pgtap.sql ..... ok
  6_11_role_guard_helper.test.sql ............. ok
  6_8_seat_role_model.test.sql ................ ok
  6_9_foundation_surface.test.sql ............. ok
  7_10_tenant_role_ordering_invariant.sql ..... ok
  7_4_entitlement_truth.test.sql .............. ok
  7_5_rls_negative_suite.test.sql ............. ok
  7_6_calc_version_protocol.pgtap.sql ......... ok
  7_8_role_enforcement_rpc.test.sql ........... ok
  7_9_tenant_context_integrity.test.sql ....... ok
  8_4_share_token_hash_at_rest.test.sql ....... ok
  8_5_share_surface_abuse_controls.test.sql ... ok
  8_6_share_token_revocation.test.sql ......... ok
  8_7_share_token_usage_logging.test.sql ...... ok
  8_8_share_token_secure_generation.test.sql .. ok
  rls_structural_audit.test.sql ............... ok
  row_version_concurrency.test.sql ............ ok
  share_link_isolation.test.sql ............... ok
  tenant_isolation.test.sql ................... ok
All tests successful.
Files=19, Tests=153,  0 wallclock secs ( 0.04 usr  0.04 sys +  0.10 cusr  0.05 csys =  0.23 CPU)
Result: PASS

=== Token generation example ===
prefix=shr_
generated length=68
sample redacted=yes (generated in local DB, not persisted)

=== Hash verification ===
Stored token_hash byte length: 32
Expected: 32 (sha256 = 32 bytes)

=== Prefix verification ===
shr_
Expected: shr_

=== Phase 3 verification ===
green:once   — PASS
green:twice  — PASS
pr:preflight — PASS

=== RESULT ===
8.8 Share Token Secure Generation Contract: PASS
