PROOF_HEAD=6e47aac3c87a4287b34d9c2ce19158e5c2ddf8a8
PROOF_SCRIPTS_FILES=scripts/ci_proof_commit_binding.ps1
PROOF_SCRIPTS_FILE_SHA256=scripts/ci_proof_commit_binding.ps1:6f587ea8a5c11be7797cabd6ad10df93383c109a3612a89f356f2b3dd65d9eba
PROOF_SCRIPTS_HASH=ce0178bfa8774469ee797cbb450f48bda03bc02d66100de19ea4e5ea96955ab3
=== 9.5 Share Token Cardinality Guard -- Proof Log ===
Date: 2026-03-11T11:21:31.7167509-04:00
Branch: feat/9.5-token-cardinality-guard
PR HEAD SHA: 6e47aac3c87a4287b34d9c2ce19158e5c2ddf8a8
=== Versions ===
Node: v20.18.1
pwsh: 7.5.4
Supabase CLI: 2.76.11
=== DoD: System enforces maximum active tokens per resource ===
Migration 20260311000001 drops and recreates create_share_token_v1 with
cardinality guard. Active token = revoked_at IS NULL AND expires_at > now().
Limit: MAX_ACTIVE_TOKENS_PER_RESOURCE = 50. Returns CONFLICT at limit.
=== DoD: Creation fails when active token count exceeds limit ===
Test 2 proves: creation returns CONFLICT when 50 active tokens exist.
Test 3 proves: CONFLICT response contains expected message.
=== DoD: Revoked or expired tokens do not count toward limit ===
Test 1 proves: 1 revoked + 1 expired seeded token excluded from count.
49 active tokens = under limit, creation succeeds.
Test 4 proves: revoking one active token frees capacity, creation succeeds.
=== DoD: pgTAP tests ===
Connecting to local database...
supabase/tests/6.10_activity_log_append_only.pgtap.sql ........ ok
supabase/tests/6_11_role_guard_helper.test.sql ................ ok
supabase/tests/6_8_seat_role_model.test.sql ................... ok
supabase/tests/6_9_foundation_surface.test.sql ................ ok
supabase/tests/7_10_tenant_role_ordering_invariant.sql ........ ok
supabase/tests/7_4_entitlement_truth.test.sql ................. ok
supabase/tests/7_5_rls_negative_suite.test.sql ................ ok
supabase/tests/7_6_calc_version_protocol.pgtap.sql ............ ok
supabase/tests/7_8_role_enforcement_rpc.test.sql .............. ok
supabase/tests/7_9_tenant_context_integrity.test.sql .......... ok
supabase/tests/8_10_share_token_scope_enforcement.test.sql .... ok
supabase/tests/8_4_share_token_hash_at_rest.test.sql .......... ok
supabase/tests/8_5_share_surface_abuse_controls.test.sql ...... ok
supabase/tests/8_6_share_token_revocation.test.sql ............ ok
supabase/tests/8_7_share_token_usage_logging.test.sql ......... ok
supabase/tests/8_8_share_token_secure_generation.test.sql ..... ok
supabase/tests/8_9_share_token_expiration_invariant.test.sql .. ok
supabase/tests/9_4_token_format_validation.test.sql ........... ok
supabase/tests/9_5_token_cardinality_guard.test.sql ........... ok
supabase/tests/rls_structural_audit.test.sql .................. ok
supabase/tests/row_version_concurrency.test.sql ............... ok
supabase/tests/share_link_isolation.test.sql .................. ok
supabase/tests/tenant_isolation.test.sql ...................... ok
All tests successful.
Files=23, Tests=181,  1 wallclock secs ( 0.04 usr  0.03 sys +  0.09 cusr  0.09 csys =  0.25 CPU)
Result: PASS

=== Test summary ===
Test 1: Token creation succeeds at 49 active tokens (under limit of 50)
Test 2: Token creation fails at 50 active tokens (limit reached)
Test 3: CONFLICT response contains expected message
Test 4: Token creation succeeds after revoking one token (revoked tokens free capacity)
Test 5: create_share_token_v1(uuid, timestamptz) exists
=== Truth bookkeeping ===
qa_claim.json:
{"item":"9.5"}

qa_scope_map.json 9.5 entry:
  361: "9.5": {
calc_version_registry.json version:
  "version": 15,
cloud_migration_parity.json tip:
  "migration_tip": "20260311000001",   "migration_tip_file": "20260311000001_9_5_token_cardinality_guard.sql",
=== Files changed in PR ===
docs/artifacts/CONTRACTS.md
docs/governance/GOVERNANCE_CHANGE_PR105.md
docs/handoff_latest.txt
docs/truth/calc_version_registry.json
docs/truth/cloud_migration_parity.json
docs/truth/qa_claim.json
docs/truth/qa_scope_map.json
docs/truth/write_path_registry.json
generated/contracts.snapshot.json
generated/schema.sql
scripts/ci_robot_owned_guard.ps1
supabase/migrations/20260311000001_9_5_token_cardinality_guard.sql
supabase/tests/9_5_token_cardinality_guard.test.sql

=== Phase 3 verification ===
green:once   -- PASS
green:twice  -- PASS
pr:preflight -- PASS
=== RESULT ===
9.5 Share Token Cardinality Guard: PASS